# JRE version: Java(TM) SE Runtime Environment (8.0_161-b12) (build 1.8.0_161-b12)
# Java VM: Java HotSpot(TM) 64-Bit Server VM (25.161-b12 mixed mode linux-amd64 compressed oops)
Heap:
 PSYoungGen      total 74752K, used 20002K [0x000000076d200000, 0x0000000772500000, 0x00000007c0000000)
  eden space 64512K, 31% used [0x000000076d200000,0x000000076e588bd8,0x0000000771100000)
  from space 10240K, 0% used [0x0000000771100000,0x0000000771100000,0x0000000771b00000)
  to   space 10240K, 0% used [0x0000000771b00000,0x0000000771b00000,0x0000000772500000)
 ParOldGen       total 125952K, used 9817K [0x00000006c7600000, 0x00000006cf100000, 0x000000076d200000)
  object space 125952K, 7% used [0x00000006c7600000,0x00000006c7f96470,0x00000006cf100000)
 Metaspace       used 22775K, capacity 24134K, committed 24192K, reserved 1071104K
  class space    used 3164K, capacity 3449K, committed 3456K, reserved 1048576K
GC Heap History (4 events):
Event: 1.201 GC heap before
{Heap before GC invocations=1 (full 0):
 PSYoungGen      total 74752K, used 56321K [0x000000076d200000, 0x0000000772500000, 0x00000007c0000000)
  eden space 64512K, 87% used [0x000000076d200000,0x0000000770900690,0x0000000771100000)
  from space 10240K, 0% used [0x0000000771b00000,0x0000000771b00000,0x0000000772500000)
  to   space 10240K, 0% used [0x0000000771100000,0x0000000771100000,0x0000000771b00000)
 ParOldGen       total 171008K, used 0K [0x00000006c7600000, 0x00000006d1d00000, 0x000000076d200000)
  object space 171008K, 0% used [0x00000006c7600000,0x00000006c7600000,0x00000006d1d00000)
 Metaspace       used 20005K, capacity 21172K, committed 21296K, reserved 1067008K
  class space    used 2877K, capacity 3096K, committed 3200K, reserved 1048576K
Event: 1.211 GC heap after
Heap after GC invocations=1 (full 0):
 PSYoungGen      total 74752K, used 9993K [0x000000076d200000, 0x0000000772500000, 0x00000007c0000000)
  eden space 64512K, 0% used [0x000000076d200000,0x000000076d200000,0x0000000771100000)
  from space 10240K, 97% used [0x0000000771100000,0x0000000771ac2748,0x0000000771b00000)
  to   space 10240K, 0% used [0x0000000771b00000,0x0000000771b00000,0x0000000772500000)
 ParOldGen       total 171008K, used 88K [0x00000006c7600000, 0x00000006d1d00000, 0x000000076d200000)
  object space 171008K, 0% used [0x00000006c7600000,0x00000006c7616010,0x00000006d1d00000)
 Metaspace       used 20005K, capacity 21172K, committed 21296K, reserved 1067008K
  class space    used 2877K, capacity 3096K, committed 3200K, reserved 1048576K
}
Event: 1.211 GC heap before
{Heap before GC invocations=2 (full 1):
 PSYoungGen      total 74752K, used 9993K [0x000000076d200000, 0x0000000772500000, 0x00000007c0000000)
  eden space 64512K, 0% used [0x000000076d200000,0x000000076d200000,0x0000000771100000)
  from space 10240K, 97% used [0x0000000771100000,0x0000000771ac2748,0x0000000771b00000)
  to   space 10240K, 0% used [0x0000000771b00000,0x0000000771b00000,0x0000000772500000)
 ParOldGen       total 171008K, used 88K [0x00000006c7600000, 0x00000006d1d00000, 0x000000076d200000)
  object space 171008K, 0% used [0x00000006c7600000,0x00000006c7616010,0x00000006d1d00000)
 Metaspace       used 20005K, capacity 21172K, committed 21296K, reserved 1067008K
  class space    used 2877K, capacity 3096K, committed 3200K, reserved 1048576K
Event: 1.246 GC heap after
Heap after GC invocations=2 (full 1):
 PSYoungGen      total 74752K, used 0K [0x000000076d200000, 0x0000000772500000, 0x00000007c0000000)
  eden space 64512K, 0% used [0x000000076d200000,0x000000076d200000,0x0000000771100000)
  from space 10240K, 0% used [0x0000000771100000,0x0000000771100000,0x0000000771b00000)
  to   space 10240K, 0% used [0x0000000771b00000,0x0000000771b00000,0x0000000772500000)
 ParOldGen       total 125952K, used 9817K [0x00000006c7600000, 0x00000006cf100000, 0x000000076d200000)
  object space 125952K, 7% used [0x00000006c7600000,0x00000006c7f96470,0x00000006cf100000)
 Metaspace       used 20005K, capacity 21172K, committed 21296K, reserved 1067008K
  class space    used 2877K, capacity 3096K, committed 3200K, reserved 1048576K
}

